<?xml version="1.0" encoding="UTF-8"?>
<!-- Generated by org.testng.reporters.JUnitReportReporter -->
<testsuite hostname="LAPTOP-MAIB2V06" failures="0" tests="1" name="Campaign.campaign" time="0.008" errors="0" timestamp="2025-02-05T20:10:17 IST" skipped="0">
  <testcase classname="Campaign.campaign" name="crecampaign" time="0.008"/>
</testsuite> <!-- Campaign.campaign -->
