<?xml version="1.0" encoding="UTF-8"?>
<!-- Generated by org.testng.reporters.JUnitReportReporter -->
<testsuite hostname="LAPTOP-MAIB2V06" failures="0" tests="1" name="Campaign.DemoWebShop" time="5.010" errors="0" timestamp="2025-02-05T20:12:24 IST" skipped="0">
  <testcase classname="Campaign.DemoWebShop" name="shop" time="5.010"/>
</testsuite> <!-- Campaign.DemoWebShop -->
