<?xml version="1.0" encoding="UTF-8"?>
<!-- Generated by org.testng.reporters.JUnitReportReporter -->
<testsuite hostname="LAPTOP-MAIB2V06" failures="0" tests="1" name="youtube.logo" time="7.648" errors="0" timestamp="2025-02-05T20:11:43 IST" skipped="0">
  <testcase classname="youtube.logo" name="shop" time="7.648"/>
</testsuite> <!-- youtube.logo -->
