<?xml version="1.0" encoding="UTF-8"?>
<!-- Generated by org.testng.reporters.JUnitReportReporter -->
<testsuite hostname="LAPTOP-MAIB2V06" failures="0" tests="3" name="TestNGPrg.SampleTest" time="0.014" errors="0" timestamp="2025-01-27T14:17:46 IST" skipped="0">
  <testcase classname="TestNGPrg.SampleTest" name="deleteContact" time="0.001"/>
  <system-out/>
  <testcase classname="TestNGPrg.SampleTest" name="modifyContact" time="0.001"/>
  <system-out/>
  <testcase classname="TestNGPrg.SampleTest" name="createContact" time="0.012"/>
  <system-out/>
</testsuite> <!-- TestNGPrg.SampleTest -->
