<?xml version="1.0" encoding="UTF-8"?>
<!-- Generated by org.testng.reporters.JUnitReportReporter -->
<testsuite hostname="LAPTOP-MAIB2V06" failures="0" tests="2" name="TestNGPrg.DataProvider" time="0.013" errors="0" timestamp="2025-01-23T20:33:25 IST" skipped="0">
  <testcase classname="TestNGPrg.DataProvider" name="bookTickets" time="0.012"/>
  <system-out/>
  <testcase classname="TestNGPrg.DataProvider" name="bookTickets" time="0.001"/>
  <system-out/>
</testsuite> <!-- TestNGPrg.DataProvider -->
