<?xml version="1.0" encoding="UTF-8"?>
<!-- Generated by org.testng.reporters.JUnitReportReporter -->
<testsuite hostname="LAPTOP-MAIB2V06" failures="0" tests="1" name="Campaign.createcampaignTest" time="32.561" errors="0" timestamp="2025-02-05T19:45:55 IST" skipped="0">
  <testcase classname="Campaign.createcampaignTest" name="createcampaignTest" time="32.561"/>
  <system-out/>
</testsuite> <!-- Campaign.createcampaignTest -->
