<?xml version="1.0" encoding="UTF-8"?>
<!-- Generated by org.testng.reporters.JUnitReportReporter -->
<testsuite hostname="LAPTOP-MAIB2V06" failures="0" tests="1" name="Campaign.createcampaignTest" time="50.494" errors="0" timestamp="2025-02-07T19:12:51 IST" skipped="0">
  <testcase classname="Campaign.createcampaignTest" name="createcampaignTest" time="50.494"/>
  <system-out/>
</testsuite> <!-- Campaign.createcampaignTest -->
