<?xml version="1.0" encoding="UTF-8"?>
<!-- Generated by org.testng.reporters.JUnitReportReporter -->
<testsuite hostname="LAPTOP-MAIB2V06" failures="0" tests="1" name="Product.CreateProductTest" time="21.678" errors="0" timestamp="2025-02-07T19:21:17 IST" skipped="0">
  <testcase classname="Product.CreateProductTest" name="CreateProductTest" time="21.678"/>
  <system-out/>
</testsuite> <!-- Product.CreateProductTest -->
