<?xml version="1.0" encoding="UTF-8"?>
<!-- Generated by org.testng.reporters.JUnitReportReporter -->
<testsuite hostname="LAPTOP-MAIB2V06" failures="0" tests="1" name="organisation.CreateOrganisationTest" time="38.744" errors="0" timestamp="2025-02-05T19:50:04 IST" skipped="0">
  <testcase classname="organisation.CreateOrganisationTest" name="CreateOrganisationTest" time="38.744"/>
  <system-out/>
</testsuite> <!-- organisation.CreateOrganisationTest -->
