<?xml version="1.0" encoding="UTF-8"?>
<!-- Generated by org.testng.reporters.JUnitReportReporter -->
<testsuite hostname="LAPTOP-MAIB2V06" failures="0" tests="3" name="TestNGPrg.DataProvider3" time="122.171" errors="0" timestamp="2025-01-23T20:56:53 IST" skipped="0">
  <testcase classname="TestNGPrg.DataProvider3" name="createOrgasation" time="25.636"/>
  <system-out/>
  <testcase classname="TestNGPrg.DataProvider3" name="createOrgasation" time="25.751"/>
  <system-out/>
  <testcase classname="TestNGPrg.DataProvider3" name="createOrgasation" time="70.784"/>
  <system-out/>
</testsuite> <!-- TestNGPrg.DataProvider3 -->
