<?xml version="1.0" encoding="UTF-8"?>
<!-- Generated by org.testng.reporters.JUnitReportReporter -->
<testsuite hostname="LAPTOP-MAIB2V06" failures="0" tests="1" name="organisation.CreateOrganisationTest" time="23.728" errors="0" timestamp="2025-02-07T19:20:34 IST" skipped="0">
  <testcase classname="organisation.CreateOrganisationTest" name="CreateOrganisationTest" time="23.728"/>
  <system-out/>
</testsuite> <!-- organisation.CreateOrganisationTest -->
